<?xml version="1.0" encoding="UTF-8"?>
<!-- Generated by org.testng.reporters.JUnitXMLReporter -->
<testsuite ignored="0" hostname="Aishwarya" failures="0" tests="4" name="Default test" time="9.669" errors="0" timestamp="2024-09-22T05:00:57 IST">
  <testcase classname="test.BrowserStackTest" name="test1" time="0.331"/>
  <testcase classname="test.BrowserStackTest" name="test2" time="0.488"/>
  <testcase classname="test.BrowserStackTest" name="test3" time="0.398"/>
  <testcase classname="test.BrowserStackTest" name="test4" time="0.496"/>
</testsuite> <!-- Default test -->
