<?xml version="1.0" encoding="UTF-8"?>
<testng-results ignored="0" total="6" passed="6" failed="0" skipped="0">
  <reporter-output>
  </reporter-output>
  <suite started-at="2024-09-22T05:15:50 IST" name="Surefire suite" finished-at="2024-09-22T05:16:42 IST" duration-ms="52528">
    <groups>
    </groups>
    <test started-at="2024-09-22T05:15:50 IST" name="Surefire test-0" finished-at="2024-09-22T05:16:16 IST" duration-ms="26369">
      <class name="test.BrowserStackTest">
        <test-method is-config="true" signature="initiateDriverInstance()[pri:0, instance:test.BrowserStackTest@5e1218b4]" started-at="2024-09-22T05:15:50 IST" name="initiateDriverInstance" finished-at="2024-09-22T05:16:01 IST" duration-ms="11389" status="PASS">
          <reporter-output>
          </reporter-output>
        </test-method> <!-- initiateDriverInstance -->
        <test-method signature="test1()[pri:0, instance:test.BrowserStackTest@5e1218b4]" started-at="2024-09-22T05:16:01 IST" name="test1" finished-at="2024-09-22T05:16:02 IST" duration-ms="803" status="PASS">
          <reporter-output>
          </reporter-output>
        </test-method> <!-- test1 -->
        <test-method is-config="true" signature="closeBrowser()[pri:0, instance:test.BrowserStackTest@5e1218b4]" started-at="2024-09-22T05:16:02 IST" name="closeBrowser" finished-at="2024-09-22T05:16:05 IST" duration-ms="2542" status="PASS">
          <reporter-output>
          </reporter-output>
        </test-method> <!-- closeBrowser -->
        <test-method is-config="true" signature="initiateDriverInstance()[pri:0, instance:test.BrowserStackTest@5e1218b4]" started-at="2024-09-22T05:16:05 IST" name="initiateDriverInstance" finished-at="2024-09-22T05:16:12 IST" duration-ms="6675" status="PASS">
          <reporter-output>
          </reporter-output>
        </test-method> <!-- initiateDriverInstance -->
        <test-method signature="test2()[pri:0, instance:test.BrowserStackTest@5e1218b4]" started-at="2024-09-22T05:16:12 IST" name="test2" finished-at="2024-09-22T05:16:14 IST" duration-ms="2517" status="PASS">
          <reporter-output>
          </reporter-output>
        </test-method> <!-- test2 -->
        <test-method is-config="true" signature="closeBrowser()[pri:0, instance:test.BrowserStackTest@5e1218b4]" started-at="2024-09-22T05:16:14 IST" name="closeBrowser" finished-at="2024-09-22T05:16:16 IST" duration-ms="2042" status="PASS">
          <reporter-output>
          </reporter-output>
        </test-method> <!-- closeBrowser -->
      </class> <!-- test.BrowserStackTest -->
    </test> <!-- Surefire test-0 -->
    <test started-at="2024-09-22T05:15:50 IST" name="Surefire test-2" finished-at="2024-09-22T05:16:16 IST" duration-ms="26417">
      <class name="test.BrowserStackTest">
        <test-method is-config="true" signature="initiateDriverInstance()[pri:0, instance:test.BrowserStackTest@d56aaa6]" started-at="2024-09-22T05:15:50 IST" name="initiateDriverInstance" finished-at="2024-09-22T05:16:01 IST" duration-ms="11502" status="PASS">
          <reporter-output>
          </reporter-output>
        </test-method> <!-- initiateDriverInstance -->
        <test-method signature="test1()[pri:0, instance:test.BrowserStackTest@d56aaa6]" started-at="2024-09-22T05:16:01 IST" name="test1" finished-at="2024-09-22T05:16:02 IST" duration-ms="498" status="PASS">
          <reporter-output>
          </reporter-output>
        </test-method> <!-- test1 -->
        <test-method is-config="true" signature="closeBrowser()[pri:0, instance:test.BrowserStackTest@d56aaa6]" started-at="2024-09-22T05:16:02 IST" name="closeBrowser" finished-at="2024-09-22T05:16:04 IST" duration-ms="2267" status="PASS">
          <reporter-output>
          </reporter-output>
        </test-method> <!-- closeBrowser -->
        <test-method is-config="true" signature="initiateDriverInstance()[pri:0, instance:test.BrowserStackTest@d56aaa6]" started-at="2024-09-22T05:16:04 IST" name="initiateDriverInstance" finished-at="2024-09-22T05:16:12 IST" duration-ms="7970" status="PASS">
          <reporter-output>
          </reporter-output>
        </test-method> <!-- initiateDriverInstance -->
        <test-method signature="test2()[pri:0, instance:test.BrowserStackTest@d56aaa6]" started-at="2024-09-22T05:16:12 IST" name="test2" finished-at="2024-09-22T05:16:14 IST" duration-ms="1507" status="PASS">
          <reporter-output>
          </reporter-output>
        </test-method> <!-- test2 -->
        <test-method is-config="true" signature="closeBrowser()[pri:0, instance:test.BrowserStackTest@d56aaa6]" started-at="2024-09-22T05:16:14 IST" name="closeBrowser" finished-at="2024-09-22T05:16:16 IST" duration-ms="2249" status="PASS">
          <reporter-output>
          </reporter-output>
        </test-method> <!-- closeBrowser -->
      </class> <!-- test.BrowserStackTest -->
    </test> <!-- Surefire test-2 -->
    <test started-at="2024-09-22T05:15:50 IST" name="Surefire test-1" finished-at="2024-09-22T05:16:42 IST" duration-ms="52523">
      <class name="test.BrowserStackTest">
        <test-method is-config="true" signature="initiateDriverInstance()[pri:0, instance:test.BrowserStackTest@3c904f1e]" started-at="2024-09-22T05:15:50 IST" name="initiateDriverInstance" finished-at="2024-09-22T05:16:14 IST" duration-ms="23611" status="PASS">
          <reporter-output>
          </reporter-output>
        </test-method> <!-- initiateDriverInstance -->
        <test-method signature="test1()[pri:0, instance:test.BrowserStackTest@3c904f1e]" started-at="2024-09-22T05:16:14 IST" name="test1" finished-at="2024-09-22T05:16:15 IST" duration-ms="1698" status="PASS">
          <reporter-output>
          </reporter-output>
        </test-method> <!-- test1 -->
        <test-method is-config="true" signature="closeBrowser()[pri:0, instance:test.BrowserStackTest@3c904f1e]" started-at="2024-09-22T05:16:15 IST" name="closeBrowser" finished-at="2024-09-22T05:16:18 IST" duration-ms="2764" status="PASS">
          <reporter-output>
          </reporter-output>
        </test-method> <!-- closeBrowser -->
        <test-method is-config="true" signature="initiateDriverInstance()[pri:0, instance:test.BrowserStackTest@3c904f1e]" started-at="2024-09-22T05:16:18 IST" name="initiateDriverInstance" finished-at="2024-09-22T05:16:37 IST" duration-ms="18517" status="PASS">
          <reporter-output>
          </reporter-output>
        </test-method> <!-- initiateDriverInstance -->
        <test-method signature="test2()[pri:0, instance:test.BrowserStackTest@3c904f1e]" started-at="2024-09-22T05:16:37 IST" name="test2" finished-at="2024-09-22T05:16:40 IST" duration-ms="3031" status="PASS">
          <reporter-output>
          </reporter-output>
        </test-method> <!-- test2 -->
        <test-method is-config="true" signature="closeBrowser()[pri:0, instance:test.BrowserStackTest@3c904f1e]" started-at="2024-09-22T05:16:40 IST" name="closeBrowser" finished-at="2024-09-22T05:16:42 IST" duration-ms="2412" status="PASS">
          <reporter-output>
          </reporter-output>
        </test-method> <!-- closeBrowser -->
      </class> <!-- test.BrowserStackTest -->
    </test> <!-- Surefire test-1 -->
  </suite> <!-- Surefire suite -->
</testng-results>
