<?xml version="1.0" encoding="UTF-8"?>
<testng-results ignored="0" total="6" passed="6" failed="0" skipped="0">
  <reporter-output>
  </reporter-output>
  <suite started-at="2024-09-22T06:17:18 IST" name="Surefire suite" finished-at="2024-09-22T06:18:21 IST" duration-ms="63188">
    <groups>
    </groups>
    <test started-at="2024-09-22T06:17:18 IST" name="Surefire test-2" finished-at="2024-09-22T06:17:50 IST" duration-ms="32059">
      <class name="test.BrowserStackTest">
        <test-method is-config="true" signature="initiateDriverInstance()[pri:0, instance:test.BrowserStackTest@16a9a4f1]" started-at="2024-09-22T06:17:18 IST" name="initiateDriverInstance" finished-at="2024-09-22T06:17:32 IST" duration-ms="14167" status="PASS">
          <reporter-output>
          </reporter-output>
        </test-method> <!-- initiateDriverInstance -->
        <test-method signature="test1()[pri:0, instance:test.BrowserStackTest@16a9a4f1]" started-at="2024-09-22T06:17:32 IST" name="test1" finished-at="2024-09-22T06:17:33 IST" duration-ms="865" status="PASS">
          <reporter-output>
          </reporter-output>
        </test-method> <!-- test1 -->
        <test-method is-config="true" signature="closeBrowser()[pri:0, instance:test.BrowserStackTest@16a9a4f1]" started-at="2024-09-22T06:17:34 IST" name="closeBrowser" finished-at="2024-09-22T06:17:36 IST" duration-ms="2387" status="PASS">
          <reporter-output>
          </reporter-output>
        </test-method> <!-- closeBrowser -->
        <test-method is-config="true" signature="initiateDriverInstance()[pri:0, instance:test.BrowserStackTest@16a9a4f1]" started-at="2024-09-22T06:17:36 IST" name="initiateDriverInstance" finished-at="2024-09-22T06:17:45 IST" duration-ms="8649" status="PASS">
          <reporter-output>
          </reporter-output>
        </test-method> <!-- initiateDriverInstance -->
        <test-method signature="test2()[pri:0, instance:test.BrowserStackTest@16a9a4f1]" started-at="2024-09-22T06:17:45 IST" name="test2" finished-at="2024-09-22T06:17:47 IST" duration-ms="1890" status="PASS">
          <reporter-output>
          </reporter-output>
        </test-method> <!-- test2 -->
        <test-method is-config="true" signature="closeBrowser()[pri:0, instance:test.BrowserStackTest@16a9a4f1]" started-at="2024-09-22T06:17:47 IST" name="closeBrowser" finished-at="2024-09-22T06:17:49 IST" duration-ms="2366" status="PASS">
          <reporter-output>
          </reporter-output>
        </test-method> <!-- closeBrowser -->
      </class> <!-- test.BrowserStackTest -->
    </test> <!-- Surefire test-2 -->
    <test started-at="2024-09-22T06:17:18 IST" name="Surefire test-0" finished-at="2024-09-22T06:17:51 IST" duration-ms="33307">
      <class name="test.BrowserStackTest">
        <test-method is-config="true" signature="initiateDriverInstance()[pri:0, instance:test.BrowserStackTest@29fc1a2b]" started-at="2024-09-22T06:17:18 IST" name="initiateDriverInstance" finished-at="2024-09-22T06:17:32 IST" duration-ms="13770" status="PASS">
          <reporter-output>
          </reporter-output>
        </test-method> <!-- initiateDriverInstance -->
        <test-method signature="test1()[pri:0, instance:test.BrowserStackTest@29fc1a2b]" started-at="2024-09-22T06:17:32 IST" name="test1" finished-at="2024-09-22T06:17:35 IST" duration-ms="3871" status="PASS">
          <reporter-output>
          </reporter-output>
        </test-method> <!-- test1 -->
        <test-method is-config="true" signature="closeBrowser()[pri:0, instance:test.BrowserStackTest@29fc1a2b]" started-at="2024-09-22T06:17:36 IST" name="closeBrowser" finished-at="2024-09-22T06:17:38 IST" duration-ms="2261" status="PASS">
          <reporter-output>
          </reporter-output>
        </test-method> <!-- closeBrowser -->
        <test-method is-config="true" signature="initiateDriverInstance()[pri:0, instance:test.BrowserStackTest@29fc1a2b]" started-at="2024-09-22T06:17:38 IST" name="initiateDriverInstance" finished-at="2024-09-22T06:17:46 IST" duration-ms="7404" status="PASS">
          <reporter-output>
          </reporter-output>
        </test-method> <!-- initiateDriverInstance -->
        <test-method signature="test2()[pri:0, instance:test.BrowserStackTest@29fc1a2b]" started-at="2024-09-22T06:17:46 IST" name="test2" finished-at="2024-09-22T06:17:48 IST" duration-ms="2134" status="PASS">
          <reporter-output>
          </reporter-output>
        </test-method> <!-- test2 -->
        <test-method is-config="true" signature="closeBrowser()[pri:0, instance:test.BrowserStackTest@29fc1a2b]" started-at="2024-09-22T06:17:49 IST" name="closeBrowser" finished-at="2024-09-22T06:17:51 IST" duration-ms="2315" status="PASS">
          <reporter-output>
          </reporter-output>
        </test-method> <!-- closeBrowser -->
      </class> <!-- test.BrowserStackTest -->
    </test> <!-- Surefire test-0 -->
    <test started-at="2024-09-22T06:17:18 IST" name="Surefire test-1" finished-at="2024-09-22T06:18:21 IST" duration-ms="63184">
      <class name="test.BrowserStackTest">
        <test-method is-config="true" signature="initiateDriverInstance()[pri:0, instance:test.BrowserStackTest@52b6319f]" started-at="2024-09-22T06:17:18 IST" name="initiateDriverInstance" finished-at="2024-09-22T06:17:47 IST" duration-ms="28920" status="PASS">
          <reporter-output>
          </reporter-output>
        </test-method> <!-- initiateDriverInstance -->
        <test-method signature="test1()[pri:0, instance:test.BrowserStackTest@52b6319f]" started-at="2024-09-22T06:17:47 IST" name="test1" finished-at="2024-09-22T06:17:49 IST" duration-ms="2444" status="PASS">
          <reporter-output>
          </reporter-output>
        </test-method> <!-- test1 -->
        <test-method is-config="true" signature="closeBrowser()[pri:0, instance:test.BrowserStackTest@52b6319f]" started-at="2024-09-22T06:17:50 IST" name="closeBrowser" finished-at="2024-09-22T06:17:52 IST" duration-ms="2204" status="PASS">
          <reporter-output>
          </reporter-output>
        </test-method> <!-- closeBrowser -->
        <test-method is-config="true" signature="initiateDriverInstance()[pri:0, instance:test.BrowserStackTest@52b6319f]" started-at="2024-09-22T06:17:52 IST" name="initiateDriverInstance" finished-at="2024-09-22T06:18:13 IST" duration-ms="20787" status="PASS">
          <reporter-output>
          </reporter-output>
        </test-method> <!-- initiateDriverInstance -->
        <test-method signature="test2()[pri:0, instance:test.BrowserStackTest@52b6319f]" started-at="2024-09-22T06:18:13 IST" name="test2" finished-at="2024-09-22T06:18:17 IST" duration-ms="4340" status="PASS">
          <reporter-output>
          </reporter-output>
        </test-method> <!-- test2 -->
        <test-method is-config="true" signature="closeBrowser()[pri:0, instance:test.BrowserStackTest@52b6319f]" started-at="2024-09-22T06:18:18 IST" name="closeBrowser" finished-at="2024-09-22T06:18:21 IST" duration-ms="2463" status="PASS">
          <reporter-output>
          </reporter-output>
        </test-method> <!-- closeBrowser -->
      </class> <!-- test.BrowserStackTest -->
    </test> <!-- Surefire test-1 -->
  </suite> <!-- Surefire suite -->
</testng-results>
