<?xml version="1.0" encoding="UTF-8"?>
<testsuite xmlns:xsi="http://www.w3.org/2001/XMLSchema-instance" xsi:noNamespaceSchemaLocation="https://maven.apache.org/surefire/maven-surefire-plugin/xsd/surefire-test-report.xsd" version="3.0.1" name="test.BrowserStackTest" time="54.299" tests="6" errors="0" skipped="0" failures="0">
  <properties>
[...]
</properties>
  <testcase name="test1" classname="test.BrowserStackTest" time="0.629">
    <system-out><![CDATA[AppDevTest
]]></system-out>
    <system-err><![CDATA[SLF4J: Failed to load class "org.slf4j.impl.StaticLoggerBinder".
SLF4J: Defaulting to no-operation (NOP) logger implementation
SLF4J: See http://www.slf4j.org/codes.html#StaticLoggerBinder for further details.
Sep 22, 2024 5:16:01 AM org.openqa.selenium.devtools.CdpEndpointFinder getCdpEndPoint
WARNING: Unable to connect to determine websocket url: java.net.ConnectException
Sep 22, 2024 5:16:01 AM org.openqa.selenium.devtools.CdpVersionFinder findNearestMatch
WARNING: Unable to find an exact match for CDP version 128, returning the closest version; found: 127; Please update to a Selenium version that supports CDP version 128
Sep 22, 2024 5:16:01 AM org.openqa.selenium.devtools.CdpVersionFinder findNearestMatch
WARNING: Unable to find CDP implementation matching 120
Sep 22, 2024 5:16:01 AM org.openqa.selenium.chromium.ChromiumDriver lambda$new$5
WARNING: Unable to find version of CDP to use for 120.0.6099.63. You may need to include a dependency on a specific version of the CDP using something similar to `org.seleniumhq.selenium:selenium-devtools-v86:4.23.0` where the version ("v86") matches the version of the chromium-based browser you're using and the version number of the artifact is the same as Selenium's.
]]></system-err>
  </testcase>
  <testcase name="test1" classname="test.BrowserStackTest" time="0.83">
    <system-out><![CDATA[AppDevTest
]]></system-out>
  </testcase>
  <testcase name="test1" classname="test.BrowserStackTest" time="1.816">
    <system-out><![CDATA[AppDevTest
]]></system-out>
  </testcase>
  <testcase name="test2" classname="test.BrowserStackTest" time="0.416">
    <system-out><![CDATA[Let's Shop
]]></system-out>
    <system-err><![CDATA[Sep 22, 2024 5:16:11 AM org.openqa.selenium.devtools.CdpEndpointFinder getCdpEndPoint
WARNING: Unable to connect to determine websocket url: java.net.ConnectException
Sep 22, 2024 5:16:11 AM org.openqa.selenium.devtools.CdpVersionFinder findNearestMatch
WARNING: Unable to find CDP implementation matching 120
Sep 22, 2024 5:16:11 AM org.openqa.selenium.chromium.ChromiumDriver lambda$new$5
WARNING: Unable to find version of CDP to use for 120.0.6099.63. You may need to include a dependency on a specific version of the CDP using something similar to `org.seleniumhq.selenium:selenium-devtools-v86:4.23.0` where the version ("v86") matches the version of the chromium-based browser you're using and the version number of the artifact is the same as Selenium's.
Sep 22, 2024 5:16:12 AM org.openqa.selenium.devtools.CdpVersionFinder findNearestMatch
WARNING: Unable to find an exact match for CDP version 128, returning the closest version; found: 127; Please update to a Selenium version that supports CDP version 128
Sep 22, 2024 5:16:13 AM org.openqa.selenium.devtools.CdpVersionFinder findNearestMatch
WARNING: Unable to find an exact match for CDP version 130, returning the closest version; found: 127; Please update to a Selenium version that supports CDP version 130
]]></system-err>
  </testcase>
  <testcase name="test2" classname="test.BrowserStackTest" time="0.574">
    <system-out><![CDATA[Let's Shop
]]></system-out>
  </testcase>
  <testcase name="test2" classname="test.BrowserStackTest" time="3.213">
    <system-out><![CDATA[Let's Shop
]]></system-out>
    <system-err><![CDATA[Sep 22, 2024 5:16:36 AM org.openqa.selenium.devtools.CdpVersionFinder findNearestMatch
WARNING: Unable to find an exact match for CDP version 130, returning the closest version; found: 127; Please update to a Selenium version that supports CDP version 130
]]></system-err>
  </testcase>
</testsuite>