<?xml version="1.0" encoding="UTF-8"?>
<testng-results ignored="0" total="12" passed="12" failed="0" skipped="0">
  <reporter-output>
  </reporter-output>
  <suite started-at="2024-09-22T05:08:07 IST" name="Suite" finished-at="2024-09-22T05:09:46 IST" duration-ms="98659">
    <groups>
    </groups>
    <test started-at="2024-09-22T05:08:07 IST" name="Test-2" finished-at="2024-09-22T05:08:54 IST" duration-ms="47175">
      <class name="test.BrowserStackTest">
        <test-method is-config="true" signature="initiateDriverInstance()[pri:0, instance:test.BrowserStackTest@604b1e1d]" started-at="2024-09-22T05:08:07 IST" name="initiateDriverInstance" finished-at="2024-09-22T05:08:17 IST" duration-ms="9645" status="PASS">
          <reporter-output>
          </reporter-output>
        </test-method> <!-- initiateDriverInstance -->
        <test-method signature="test1()[pri:0, instance:test.BrowserStackTest@604b1e1d]" started-at="2024-09-22T05:08:17 IST" name="test1" finished-at="2024-09-22T05:08:17 IST" duration-ms="501" status="PASS">
          <reporter-output>
          </reporter-output>
        </test-method> <!-- test1 -->
        <test-method is-config="true" signature="closeBrowser()[pri:0, instance:test.BrowserStackTest@604b1e1d]" started-at="2024-09-22T05:08:17 IST" name="closeBrowser" finished-at="2024-09-22T05:08:20 IST" duration-ms="2364" status="PASS">
          <reporter-output>
          </reporter-output>
        </test-method> <!-- closeBrowser -->
        <test-method is-config="true" signature="initiateDriverInstance()[pri:0, instance:test.BrowserStackTest@604b1e1d]" started-at="2024-09-22T05:08:20 IST" name="initiateDriverInstance" finished-at="2024-09-22T05:08:28 IST" duration-ms="8176" status="PASS">
          <reporter-output>
          </reporter-output>
        </test-method> <!-- initiateDriverInstance -->
        <test-method signature="test2()[pri:0, instance:test.BrowserStackTest@604b1e1d]" started-at="2024-09-22T05:08:28 IST" name="test2" finished-at="2024-09-22T05:08:30 IST" duration-ms="1685" status="PASS">
          <reporter-output>
          </reporter-output>
        </test-method> <!-- test2 -->
        <test-method is-config="true" signature="closeBrowser()[pri:0, instance:test.BrowserStackTest@604b1e1d]" started-at="2024-09-22T05:08:30 IST" name="closeBrowser" finished-at="2024-09-22T05:08:32 IST" duration-ms="2056" status="PASS">
          <reporter-output>
          </reporter-output>
        </test-method> <!-- closeBrowser -->
        <test-method is-config="true" signature="initiateDriverInstance()[pri:0, instance:test.BrowserStackTest@604b1e1d]" started-at="2024-09-22T05:08:32 IST" name="initiateDriverInstance" finished-at="2024-09-22T05:08:40 IST" duration-ms="7817" status="PASS">
          <reporter-output>
          </reporter-output>
        </test-method> <!-- initiateDriverInstance -->
        <test-method signature="test3()[pri:0, instance:test.BrowserStackTest@604b1e1d]" started-at="2024-09-22T05:08:40 IST" name="test3" finished-at="2024-09-22T05:08:40 IST" duration-ms="601" status="PASS">
          <reporter-output>
          </reporter-output>
        </test-method> <!-- test3 -->
        <test-method is-config="true" signature="closeBrowser()[pri:0, instance:test.BrowserStackTest@604b1e1d]" started-at="2024-09-22T05:08:40 IST" name="closeBrowser" finished-at="2024-09-22T05:08:43 IST" duration-ms="2117" status="PASS">
          <reporter-output>
          </reporter-output>
        </test-method> <!-- closeBrowser -->
        <test-method is-config="true" signature="initiateDriverInstance()[pri:0, instance:test.BrowserStackTest@604b1e1d]" started-at="2024-09-22T05:08:43 IST" name="initiateDriverInstance" finished-at="2024-09-22T05:08:51 IST" duration-ms="8788" status="PASS">
          <reporter-output>
          </reporter-output>
        </test-method> <!-- initiateDriverInstance -->
        <test-method signature="test4()[pri:0, instance:test.BrowserStackTest@604b1e1d]" started-at="2024-09-22T05:08:51 IST" name="test4" finished-at="2024-09-22T05:08:52 IST" duration-ms="391" status="PASS">
          <reporter-output>
          </reporter-output>
        </test-method> <!-- test4 -->
        <test-method is-config="true" signature="closeBrowser()[pri:0, instance:test.BrowserStackTest@604b1e1d]" started-at="2024-09-22T05:08:52 IST" name="closeBrowser" finished-at="2024-09-22T05:08:54 IST" duration-ms="2234" status="PASS">
          <reporter-output>
          </reporter-output>
        </test-method> <!-- closeBrowser -->
      </class> <!-- test.BrowserStackTest -->
    </test> <!-- Test-2 -->
    <test started-at="2024-09-22T05:08:07 IST" name="Test-0" finished-at="2024-09-22T05:09:00 IST" duration-ms="53150">
      <class name="test.BrowserStackTest">
        <test-method is-config="true" signature="initiateDriverInstance()[pri:0, instance:test.BrowserStackTest@6d9fb2d1]" started-at="2024-09-22T05:08:07 IST" name="initiateDriverInstance" finished-at="2024-09-22T05:08:17 IST" duration-ms="9979" status="PASS">
          <reporter-output>
          </reporter-output>
        </test-method> <!-- initiateDriverInstance -->
        <test-method signature="test1()[pri:0, instance:test.BrowserStackTest@6d9fb2d1]" started-at="2024-09-22T05:08:17 IST" name="test1" finished-at="2024-09-22T05:08:18 IST" duration-ms="884" status="PASS">
          <reporter-output>
          </reporter-output>
        </test-method> <!-- test1 -->
        <test-method is-config="true" signature="closeBrowser()[pri:0, instance:test.BrowserStackTest@6d9fb2d1]" started-at="2024-09-22T05:08:18 IST" name="closeBrowser" finished-at="2024-09-22T05:08:20 IST" duration-ms="2269" status="PASS">
          <reporter-output>
          </reporter-output>
        </test-method> <!-- closeBrowser -->
        <test-method is-config="true" signature="initiateDriverInstance()[pri:0, instance:test.BrowserStackTest@6d9fb2d1]" started-at="2024-09-22T05:08:20 IST" name="initiateDriverInstance" finished-at="2024-09-22T05:08:28 IST" duration-ms="7985" status="PASS">
          <reporter-output>
          </reporter-output>
        </test-method> <!-- initiateDriverInstance -->
        <test-method signature="test2()[pri:0, instance:test.BrowserStackTest@6d9fb2d1]" started-at="2024-09-22T05:08:28 IST" name="test2" finished-at="2024-09-22T05:08:34 IST" duration-ms="6077" status="PASS">
          <reporter-output>
          </reporter-output>
        </test-method> <!-- test2 -->
        <test-method is-config="true" signature="closeBrowser()[pri:0, instance:test.BrowserStackTest@6d9fb2d1]" started-at="2024-09-22T05:08:35 IST" name="closeBrowser" finished-at="2024-09-22T05:08:38 IST" duration-ms="3388" status="PASS">
          <reporter-output>
          </reporter-output>
        </test-method> <!-- closeBrowser -->
        <test-method is-config="true" signature="initiateDriverInstance()[pri:0, instance:test.BrowserStackTest@6d9fb2d1]" started-at="2024-09-22T05:08:38 IST" name="initiateDriverInstance" finished-at="2024-09-22T05:08:45 IST" duration-ms="7357" status="PASS">
          <reporter-output>
          </reporter-output>
        </test-method> <!-- initiateDriverInstance -->
        <test-method signature="test3()[pri:0, instance:test.BrowserStackTest@6d9fb2d1]" started-at="2024-09-22T05:08:45 IST" name="test3" finished-at="2024-09-22T05:08:46 IST" duration-ms="781" status="PASS">
          <reporter-output>
          </reporter-output>
        </test-method> <!-- test3 -->
        <test-method is-config="true" signature="closeBrowser()[pri:0, instance:test.BrowserStackTest@6d9fb2d1]" started-at="2024-09-22T05:08:46 IST" name="closeBrowser" finished-at="2024-09-22T05:08:48 IST" duration-ms="2251" status="PASS">
          <reporter-output>
          </reporter-output>
        </test-method> <!-- closeBrowser -->
        <test-method is-config="true" signature="initiateDriverInstance()[pri:0, instance:test.BrowserStackTest@6d9fb2d1]" started-at="2024-09-22T05:08:48 IST" name="initiateDriverInstance" finished-at="2024-09-22T05:08:57 IST" duration-ms="8385" status="PASS">
          <reporter-output>
          </reporter-output>
        </test-method> <!-- initiateDriverInstance -->
        <test-method signature="test4()[pri:0, instance:test.BrowserStackTest@6d9fb2d1]" started-at="2024-09-22T05:08:57 IST" name="test4" finished-at="2024-09-22T05:08:58 IST" duration-ms="965" status="PASS">
          <reporter-output>
          </reporter-output>
        </test-method> <!-- test4 -->
        <test-method is-config="true" signature="closeBrowser()[pri:0, instance:test.BrowserStackTest@6d9fb2d1]" started-at="2024-09-22T05:08:58 IST" name="closeBrowser" finished-at="2024-09-22T05:09:00 IST" duration-ms="2041" status="PASS">
          <reporter-output>
          </reporter-output>
        </test-method> <!-- closeBrowser -->
      </class> <!-- test.BrowserStackTest -->
    </test> <!-- Test-0 -->
    <test started-at="2024-09-22T05:08:07 IST" name="Test-1" finished-at="2024-09-22T05:09:46 IST" duration-ms="98659">
      <class name="test.BrowserStackTest">
        <test-method is-config="true" signature="initiateDriverInstance()[pri:0, instance:test.BrowserStackTest@34cf294c]" started-at="2024-09-22T05:08:07 IST" name="initiateDriverInstance" finished-at="2024-09-22T05:08:27 IST" duration-ms="20004" status="PASS">
          <reporter-output>
          </reporter-output>
        </test-method> <!-- initiateDriverInstance -->
        <test-method signature="test1()[pri:0, instance:test.BrowserStackTest@34cf294c]" started-at="2024-09-22T05:08:27 IST" name="test1" finished-at="2024-09-22T05:08:29 IST" duration-ms="1997" status="PASS">
          <reporter-output>
          </reporter-output>
        </test-method> <!-- test1 -->
        <test-method is-config="true" signature="closeBrowser()[pri:0, instance:test.BrowserStackTest@34cf294c]" started-at="2024-09-22T05:08:29 IST" name="closeBrowser" finished-at="2024-09-22T05:08:31 IST" duration-ms="1960" status="PASS">
          <reporter-output>
          </reporter-output>
        </test-method> <!-- closeBrowser -->
        <test-method is-config="true" signature="initiateDriverInstance()[pri:0, instance:test.BrowserStackTest@34cf294c]" started-at="2024-09-22T05:08:31 IST" name="initiateDriverInstance" finished-at="2024-09-22T05:08:52 IST" duration-ms="20509" status="PASS">
          <reporter-output>
          </reporter-output>
        </test-method> <!-- initiateDriverInstance -->
        <test-method signature="test2()[pri:0, instance:test.BrowserStackTest@34cf294c]" started-at="2024-09-22T05:08:52 IST" name="test2" finished-at="2024-09-22T05:08:57 IST" duration-ms="5415" status="PASS">
          <reporter-output>
          </reporter-output>
        </test-method> <!-- test2 -->
        <test-method is-config="true" signature="closeBrowser()[pri:0, instance:test.BrowserStackTest@34cf294c]" started-at="2024-09-22T05:08:57 IST" name="closeBrowser" finished-at="2024-09-22T05:08:59 IST" duration-ms="2166" status="PASS">
          <reporter-output>
          </reporter-output>
        </test-method> <!-- closeBrowser -->
        <test-method is-config="true" signature="initiateDriverInstance()[pri:0, instance:test.BrowserStackTest@34cf294c]" started-at="2024-09-22T05:08:59 IST" name="initiateDriverInstance" finished-at="2024-09-22T05:09:18 IST" duration-ms="18517" status="PASS">
          <reporter-output>
          </reporter-output>
        </test-method> <!-- initiateDriverInstance -->
        <test-method signature="test3()[pri:0, instance:test.BrowserStackTest@34cf294c]" started-at="2024-09-22T05:09:18 IST" name="test3" finished-at="2024-09-22T05:09:19 IST" duration-ms="1521" status="PASS">
          <reporter-output>
          </reporter-output>
        </test-method> <!-- test3 -->
        <test-method is-config="true" signature="closeBrowser()[pri:0, instance:test.BrowserStackTest@34cf294c]" started-at="2024-09-22T05:09:20 IST" name="closeBrowser" finished-at="2024-09-22T05:09:22 IST" duration-ms="2226" status="PASS">
          <reporter-output>
          </reporter-output>
        </test-method> <!-- closeBrowser -->
        <test-method is-config="true" signature="initiateDriverInstance()[pri:0, instance:test.BrowserStackTest@34cf294c]" started-at="2024-09-22T05:09:22 IST" name="initiateDriverInstance" finished-at="2024-09-22T05:09:40 IST" duration-ms="18584" status="PASS">
          <reporter-output>
          </reporter-output>
        </test-method> <!-- initiateDriverInstance -->
        <test-method signature="test4()[pri:0, instance:test.BrowserStackTest@34cf294c]" started-at="2024-09-22T05:09:40 IST" name="test4" finished-at="2024-09-22T05:09:43 IST" duration-ms="2163" status="PASS">
          <reporter-output>
          </reporter-output>
        </test-method> <!-- test4 -->
        <test-method is-config="true" signature="closeBrowser()[pri:0, instance:test.BrowserStackTest@34cf294c]" started-at="2024-09-22T05:09:43 IST" name="closeBrowser" finished-at="2024-09-22T05:09:46 IST" duration-ms="2796" status="PASS">
          <reporter-output>
          </reporter-output>
        </test-method> <!-- closeBrowser -->
      </class> <!-- test.BrowserStackTest -->
    </test> <!-- Test-1 -->
  </suite> <!-- Suite -->
</testng-results>
