<?xml version="1.0" encoding="UTF-8"?>
<testng-results ignored="0" total="6" passed="6" failed="0" skipped="0">
  <reporter-output>
  </reporter-output>
  <suite started-at="2024-09-22T06:08:06 IST" name="Suite" finished-at="2024-09-22T06:08:51 IST" duration-ms="44560">
    <groups>
    </groups>
    <test started-at="2024-09-22T06:08:06 IST" name="Test-2" finished-at="2024-09-22T06:08:36 IST" duration-ms="30025">
      <class name="test.BrowserStackTest">
        <test-method is-config="true" signature="initiateDriverInstance()[pri:0, instance:test.BrowserStackTest@34cf294c]" started-at="2024-09-22T06:08:06 IST" name="initiateDriverInstance" finished-at="2024-09-22T06:08:18 IST" duration-ms="11755" status="PASS">
          <reporter-output>
          </reporter-output>
        </test-method> <!-- initiateDriverInstance -->
        <test-method signature="test1()[pri:0, instance:test.BrowserStackTest@34cf294c]" started-at="2024-09-22T06:08:18 IST" name="test1" finished-at="2024-09-22T06:08:18 IST" duration-ms="553" status="PASS">
          <reporter-output>
          </reporter-output>
        </test-method> <!-- test1 -->
        <test-method is-config="true" signature="closeBrowser()[pri:0, instance:test.BrowserStackTest@34cf294c]" started-at="2024-09-22T06:08:19 IST" name="closeBrowser" finished-at="2024-09-22T06:08:21 IST" duration-ms="2582" status="PASS">
          <reporter-output>
          </reporter-output>
        </test-method> <!-- closeBrowser -->
        <test-method is-config="true" signature="initiateDriverInstance()[pri:0, instance:test.BrowserStackTest@34cf294c]" started-at="2024-09-22T06:08:21 IST" name="initiateDriverInstance" finished-at="2024-09-22T06:08:32 IST" duration-ms="10813" status="PASS">
          <reporter-output>
          </reporter-output>
        </test-method> <!-- initiateDriverInstance -->
        <test-method signature="test2()[pri:0, instance:test.BrowserStackTest@34cf294c]" started-at="2024-09-22T06:08:32 IST" name="test2" finished-at="2024-09-22T06:08:34 IST" duration-ms="1585" status="PASS">
          <reporter-output>
          </reporter-output>
        </test-method> <!-- test2 -->
        <test-method is-config="true" signature="closeBrowser()[pri:0, instance:test.BrowserStackTest@34cf294c]" started-at="2024-09-22T06:08:34 IST" name="closeBrowser" finished-at="2024-09-22T06:08:36 IST" duration-ms="2312" status="PASS">
          <reporter-output>
          </reporter-output>
        </test-method> <!-- closeBrowser -->
      </class> <!-- test.BrowserStackTest -->
    </test> <!-- Test-2 -->
    <test started-at="2024-09-22T06:08:06 IST" name="Test-0" finished-at="2024-09-22T06:08:43 IST" duration-ms="36926">
      <class name="test.BrowserStackTest">
        <test-method is-config="true" signature="initiateDriverInstance()[pri:0, instance:test.BrowserStackTest@8d7b252]" started-at="2024-09-22T06:08:06 IST" name="initiateDriverInstance" finished-at="2024-09-22T06:08:22 IST" duration-ms="15439" status="PASS">
          <reporter-output>
          </reporter-output>
        </test-method> <!-- initiateDriverInstance -->
        <test-method signature="test1()[pri:0, instance:test.BrowserStackTest@8d7b252]" started-at="2024-09-22T06:08:22 IST" name="test1" finished-at="2024-09-22T06:08:23 IST" duration-ms="1221" status="PASS">
          <reporter-output>
          </reporter-output>
        </test-method> <!-- test1 -->
        <test-method is-config="true" signature="closeBrowser()[pri:0, instance:test.BrowserStackTest@8d7b252]" started-at="2024-09-22T06:08:23 IST" name="closeBrowser" finished-at="2024-09-22T06:08:26 IST" duration-ms="2881" status="PASS">
          <reporter-output>
          </reporter-output>
        </test-method> <!-- closeBrowser -->
        <test-method is-config="true" signature="initiateDriverInstance()[pri:0, instance:test.BrowserStackTest@8d7b252]" started-at="2024-09-22T06:08:26 IST" name="initiateDriverInstance" finished-at="2024-09-22T06:08:37 IST" duration-ms="11296" status="PASS">
          <reporter-output>
          </reporter-output>
        </test-method> <!-- initiateDriverInstance -->
        <test-method signature="test2()[pri:0, instance:test.BrowserStackTest@8d7b252]" started-at="2024-09-22T06:08:37 IST" name="test2" finished-at="2024-09-22T06:08:40 IST" duration-ms="3355" status="PASS">
          <reporter-output>
          </reporter-output>
        </test-method> <!-- test2 -->
        <test-method is-config="true" signature="closeBrowser()[pri:0, instance:test.BrowserStackTest@8d7b252]" started-at="2024-09-22T06:08:41 IST" name="closeBrowser" finished-at="2024-09-22T06:08:43 IST" duration-ms="2162" status="PASS">
          <reporter-output>
          </reporter-output>
        </test-method> <!-- closeBrowser -->
      </class> <!-- test.BrowserStackTest -->
    </test> <!-- Test-0 -->
    <test started-at="2024-09-22T06:08:06 IST" name="Test-1" finished-at="2024-09-22T06:08:51 IST" duration-ms="44560">
      <class name="test.BrowserStackTest">
        <test-method is-config="true" signature="initiateDriverInstance()[pri:0, instance:test.BrowserStackTest@21618fa7]" started-at="2024-09-22T06:08:06 IST" name="initiateDriverInstance" finished-at="2024-09-22T06:08:24 IST" duration-ms="18231" status="PASS">
          <reporter-output>
          </reporter-output>
        </test-method> <!-- initiateDriverInstance -->
        <test-method signature="test1()[pri:0, instance:test.BrowserStackTest@21618fa7]" started-at="2024-09-22T06:08:24 IST" name="test1" finished-at="2024-09-22T06:08:26 IST" duration-ms="2050" status="PASS">
          <reporter-output>
          </reporter-output>
        </test-method> <!-- test1 -->
        <test-method is-config="true" signature="closeBrowser()[pri:0, instance:test.BrowserStackTest@21618fa7]" started-at="2024-09-22T06:08:27 IST" name="closeBrowser" finished-at="2024-09-22T06:08:29 IST" duration-ms="2133" status="PASS">
          <reporter-output>
          </reporter-output>
        </test-method> <!-- closeBrowser -->
        <test-method is-config="true" signature="initiateDriverInstance()[pri:0, instance:test.BrowserStackTest@21618fa7]" started-at="2024-09-22T06:08:29 IST" name="initiateDriverInstance" finished-at="2024-09-22T06:08:44 IST" duration-ms="15620" status="PASS">
          <reporter-output>
          </reporter-output>
        </test-method> <!-- initiateDriverInstance -->
        <test-method signature="test2()[pri:0, instance:test.BrowserStackTest@21618fa7]" started-at="2024-09-22T06:08:44 IST" name="test2" finished-at="2024-09-22T06:08:48 IST" duration-ms="3930" status="PASS">
          <reporter-output>
          </reporter-output>
        </test-method> <!-- test2 -->
        <test-method is-config="true" signature="closeBrowser()[pri:0, instance:test.BrowserStackTest@21618fa7]" started-at="2024-09-22T06:08:48 IST" name="closeBrowser" finished-at="2024-09-22T06:08:51 IST" duration-ms="2210" status="PASS">
          <reporter-output>
          </reporter-output>
        </test-method> <!-- closeBrowser -->
      </class> <!-- test.BrowserStackTest -->
    </test> <!-- Test-1 -->
  </suite> <!-- Suite -->
</testng-results>
